2023/07/17 08:39:43 cookies.go:30: [::1]:50378 GET /payroll?employeeId=employ-46a2227f-12c7-46f8-9135-6a663474502c
2023/07/17 08:42:30 [::1]:50420 GET /payroll?employeeId=employ-46a2227f-12c7-46f8-9135-6a663474502c
2023/07/17 08:50:42 cookies.go:31: [::1]:50553 GET /payroll?employeeId=employ-46a2227f-12c7-46f8-9135-6a663474502c
2023/07/17 08:52:20 cookies.go:31: [::1]:50598 GET /payroll?employeeId=employ-46a2227f-12c7-46f8-9135-6a663474502c
2023/07/17 08:52:35 cookies.go:31: [::1]:50607 GET /payroll?employeeId=employ-46a2227f-12c7-46f8-9135-6a663474502c
2023/07/17 08:53:23 cookies.go:31: [::1]:50623 GET /payroll?employeeId=employ-46a2227f-12c7-46f8-9135-6a663474502c
2023/07/17 08:53:40 cookies.go:31: [::1]:50634 GET /payroll?employeeId=employ-46a2227f-12c7-46f8-9135-6a663474502c
2023/07/17 08:54:16 cookies.go:31: [::1]:50649 GET /payroll?employeeId=employ-46a2227f-12c7-46f8-9135-6a663474502c
2023/07/17 08:56:31 cookies.go:31: [::1]:50883 GET /payroll?employeeId=employ-46a2227f-12c7-46f8-9135-6a663474502c
2023/07/17 08:58:28 cookies.go:31: [::1]:50883 POST /payroll
2023/07/17 08:58:43 cookies.go:31: [::1]:50883 GET /payroll?employeeId=employ-46a2227f-12c7-46f8-9135-6a663474502c
2023/07/17 09:15:27 cookies.go:31: [::1]:51125 GET /payroll?download=true
2023/07/17 09:15:27 cookies.go:31: [::1]:51125 GET /payroll?download=true
2023/07/17 09:15:28 cookies.go:31: [::1]:51125 GET /payroll?download=true
2023/07/17 09:15:33 cookies.go:31: [::1]:51125 GET /payroll?download=true
2023/07/17 09:16:03 cookies.go:31: [::1]:51125 GET /payroll?download=true
2023/07/17 09:16:32 cookies.go:31: [::1]:51125 GET /payroll?download=true
2023/07/17 09:16:35 cookies.go:31: [::1]:51125 GET /payroll?download=true
2023/07/17 09:16:38 cookies.go:31: [::1]:51125 GET /
2023/07/17 09:16:38 cookies.go:31: [::1]:51125 GET /favicon.ico
2023/07/17 09:16:46 cookies.go:31: [::1]:51125 GET /payroll
2023/07/17 09:16:58 cookies.go:31: [::1]:51125 GET /payroll?download=true
2023/07/17 09:16:59 cookies.go:31: [::1]:51125 GET /payroll?download=true
2023/07/17 09:17:04 cookies.go:31: [::1]:51125 GET /payroll?download=true
2023/07/17 09:17:05 cookies.go:31: [::1]:51125 GET /payroll?download=true
2023/07/17 09:17:07 cookies.go:31: [::1]:51125 GET /payroll?download=true
2023/07/17 09:17:37 cookies.go:31: [::1]:51125 GET /payroll?download=true
2023/07/17 09:17:59 cookies.go:31: [::1]:51125 GET /payroll?download=true
2023/07/17 09:18:59 cookies.go:31: [::1]:51125 GET /payroll?download=true
2023/07/17 09:19:18 cookies.go:31: [::1]:51183 GET /payroll?download=true
2023/07/17 09:21:19 cookies.go:31: [::1]:51205 GET /payroll?download=true
2023/07/17 09:21:21 cookies.go:31: [::1]:51205 GET /payroll?download=true
2023/07/17 09:21:21 cookies.go:31: [::1]:51205 GET /payroll?download=true
2023/07/17 09:21:21 cookies.go:31: [::1]:51205 GET /payroll?download=true
2023/07/17 09:21:21 cookies.go:31: [::1]:51205 GET /payroll?download=true
2023/07/17 09:21:22 cookies.go:31: [::1]:51205 GET /payroll?download=true
2023/07/17 09:21:22 cookies.go:31: [::1]:51205 GET /payroll?download=true
2023/07/17 09:21:22 cookies.go:31: [::1]:51205 GET /payroll?download=true
2023/07/17 09:21:22 cookies.go:31: [::1]:51205 GET /payroll?download=true
2023/07/17 09:21:22 cookies.go:31: [::1]:51205 GET /payroll?download=true
2023/07/17 09:21:23 cookies.go:31: [::1]:51205 GET /payroll?download=true
2023/07/17 09:21:27 cookies.go:31: [::1]:51205 GET /payroll?download=
2023/07/17 09:21:34 cookies.go:31: [::1]:51205 GET /payroll?download=true
2023/07/17 09:21:35 cookies.go:31: [::1]:51205 GET /payroll?download=true
2023/07/17 09:21:36 cookies.go:31: [::1]:51205 GET /payroll?download=true
2023/07/17 09:21:41 cookies.go:31: [::1]:51205 GET /payroll?download=true
2023/07/17 09:22:35 cookies.go:31: [::1]:51230 GET /payroll?download=true
2023/07/17 09:22:36 cookies.go:31: [::1]:51230 GET /payroll?download=true
2023/07/17 09:22:36 cookies.go:31: [::1]:51230 GET /payroll?download=true
2023/07/17 09:22:36 cookies.go:31: [::1]:51230 GET /payroll?download=true
2023/07/17 09:22:36 cookies.go:31: [::1]:51230 GET /payroll?download=true
2023/07/17 09:22:37 cookies.go:31: [::1]:51230 GET /payroll?download=true
2023/07/17 09:22:42 cookies.go:31: [::1]:51230 GET /payroll?download=true
2023/07/17 09:23:12 cookies.go:31: [::1]:51230 GET /payroll?download=true
2023/07/17 09:23:44 cookies.go:31: [::1]:51276 GET /payroll
2023/07/17 09:23:53 cookies.go:31: [::1]:51276 GET /payroll?download=true
2023/07/17 09:23:54 cookies.go:31: [::1]:51276 GET /payroll?download=true
2023/07/17 09:23:59 cookies.go:31: [::1]:51276 GET /payroll?download=true
2023/07/17 09:24:29 cookies.go:31: [::1]:51276 GET /payroll?download=true
2023/07/17 09:25:06 cookies.go:31: [::1]:51332 GET /payroll?download=true
2023/07/17 09:26:23 cookies.go:31: [::1]:51360 GET /payroll?download=true
2023/07/17 09:29:30 cookies.go:31: [::1]:51421 GET /payroll?download=true
2023/07/17 09:29:30 server.go:3217: http: superfluous response.WriteHeader call from payroll-exam/helper.ResponseWrite (format.go:29)
2023/07/17 09:36:07 cookies.go:31: [::1]:51495 POST /salarymatrix
2023/07/17 09:36:07 cookies.go:31: [::1]:51495 POST /salarymatrix
2023/07/17 09:36:07 cookies.go:31: [::1]:51495 POST /salarymatrix
2023/07/17 09:36:07 cookies.go:31: [::1]:51495 POST /salarymatrix
2023/07/17 09:36:07 cookies.go:31: [::1]:51495 POST /salarymatrix
2023/07/17 09:36:07 cookies.go:31: [::1]:51495 POST /salarymatrix
2023/07/17 09:54:10 cookies.go:31: 127.0.0.1:51824 GET /
2023/07/17 09:54:21 server.go:3217: http: TLS handshake error from [::1]:51826: remote error: tls: unknown certificate
2023/07/17 09:54:21 server.go:3217: http: TLS handshake error from [::1]:51827: remote error: tls: unknown certificate
2023/07/17 09:54:26 server.go:3217: http: TLS handshake error from [::1]:51829: remote error: tls: unknown certificate
2023/07/17 09:54:26 server.go:3217: http: TLS handshake error from [::1]:51830: remote error: tls: unknown certificate
2023/07/17 09:54:26 cookies.go:31: [::1]:51831 GET /
2023/07/17 09:54:26 cookies.go:31: [::1]:51831 GET /favicon.ico
2023/07/17 09:55:04 server.go:3217: http: TLS handshake error from [::1]:51853: EOF
2023/07/17 09:55:04 cookies.go:31: [::1]:51854 GET /salarymatrix
2023/07/17 09:56:02 cookies.go:31: [::1]:51854 GET /employee
2023/07/17 09:56:16 cookies.go:31: [::1]:51854 POST /payroll
2023/07/17 09:56:25 cookies.go:31: [::1]:51854 GET /payroll?employeeId=employ-46a2227f-12c7-46f8-9135-6a663474502c
2023/07/17 09:56:38 cookies.go:31: [::1]:51854 GET /payroll
2023/07/17 09:57:02 cookies.go:31: [::1]:51854 GET /cookies
2023/07/17 09:58:49 main.go:19: Redirecting to https://localhost/
2023/07/17 09:58:49 cookies.go:31: [::1]:51831 GET /
2023/07/17 09:59:01 main.go:19: Redirecting to https://localhost/
2023/07/17 09:59:01 cookies.go:31: [::1]:51831 GET /
2023/07/17 09:59:28 cookies.go:31: [::1]:51831 GET /payroll
2023/07/17 16:16:51 server.go:3217: http: TLS handshake error from [::1]:59311: EOF
2023/07/17 16:16:51 cookies.go:31: [::1]:59312 POST /salarymatrix
2023/07/17 16:17:56 cookies.go:31: [::1]:59312 POST /salarymatrix
2023/07/17 16:17:59 cookies.go:31: [::1]:59312 GET /salarymatrix
2023/07/17 16:18:25 cookies.go:31: [::1]:59312 POST /employee
2023/07/17 16:19:11 cookies.go:31: [::1]:59312 POST /employee
2023/07/17 16:19:15 cookies.go:31: [::1]:59312 GET /employee
2023/07/17 16:19:42 cookies.go:31: [::1]:59312 POST /payroll
2023/07/17 16:19:47 cookies.go:31: [::1]:59312 GET /payroll?employeeId=employ-837899e4-8510-4ede-8e01-6b6b16987785
2023/07/17 16:19:51 cookies.go:31: [::1]:59312 GET /payroll
2023/07/17 16:19:54 cookies.go:31: [::1]:59312 GET /cookies
2023/07/21 09:13:46 server.go:3217: http: TLS handshake error from [::1]:49895: EOF
2023/07/21 09:13:46 cookies.go:31: [::1]:49896 GET /salarymatrix
2023/07/21 09:14:37 server.go:3217: http: TLS handshake error from [::1]:49906: EOF
2023/07/21 09:14:37 cookies.go:31: [::1]:49907 GET /salarymatrix
2023/07/21 09:15:15 server.go:3217: http: TLS handshake error from [::1]:49917: EOF
2023/07/21 09:15:15 cookies.go:31: [::1]:49918 GET /salarymatrix
2023/07/21 09:17:55 cookies.go:31: [::1]:49918 POST /salarymatrix
2023/07/21 09:18:27 cookies.go:31: [::1]:49918 GET /salarymatrix
2023/07/21 09:20:47 server.go:3217: http: TLS handshake error from [::1]:50008: remote error: tls: unknown certificate
2023/07/21 09:20:47 server.go:3217: http: TLS handshake error from [::1]:50009: remote error: tls: unknown certificate
2023/07/21 09:20:47 cookies.go:31: [::1]:50010 GET /salarymatrix
2023/07/21 09:20:47 cookies.go:31: [::1]:50010 GET /favicon.ico
2023/07/21 14:36:27 server.go:3217: http: TLS handshake error from [::1]:54590: remote error: tls: unknown certificate
2023/07/21 14:36:27 cookies.go:31: [::1]:54591 GET /payroll?download=true
2023/07/21 15:11:06 server.go:3217: http: TLS handshake error from [::1]:54947: EOF
2023/07/21 15:11:06 cookies.go:31: [::1]:54948 POST /salarymatrix
2023/07/21 15:11:44 cookies.go:31: [::1]:54948 POST /salarymatrix
2023/07/21 15:12:37 cookies.go:31: [::1]:54948 POST /salarymatrix
2023/07/21 15:12:58 cookies.go:31: [::1]:54948 GET /salarymatrix
2023/07/21 15:13:30 cookies.go:31: [::1]:54948 POST /employee
2023/07/21 15:13:54 cookies.go:31: [::1]:54948 POST /employee
2023/07/21 15:14:19 cookies.go:31: [::1]:54948 POST /employee
2023/07/21 15:14:37 cookies.go:31: [::1]:54948 GET /employee
2023/07/21 15:14:56 cookies.go:31: [::1]:54948 POST /employee
2023/07/21 15:15:00 cookies.go:31: [::1]:54948 GET /employee
2023/07/21 15:15:46 cookies.go:31: [::1]:54948 POST /payroll
2023/07/21 15:16:04 cookies.go:31: [::1]:54948 GET /payroll?employeeId=employ-4a8b1eb9-9cc9-434b-801d-c885ad4a4616
2023/07/21 15:16:27 cookies.go:31: [::1]:54948 GET /payroll
2023/07/21 15:16:46 server.go:3217: http: TLS handshake error from [::1]:55008: remote error: tls: unknown certificate
2023/07/21 15:16:46 cookies.go:31: [::1]:55009 GET /payroll?download=true
2023/07/21 15:17:15 cookies.go:31: [::1]:54948 GET /cookies
2023/07/21 15:17:41 cookies.go:31: [::1]:54948 GET /cookies
2023/07/21 15:17:55 cookies.go:31: [::1]:54948 GET /payroll
